# JRE version: Java(TM) SE Runtime Environment (8.0_77-b03) (build 1.8.0_77-b03)
# Java VM: Java HotSpot(TM) 64-Bit Server VM (25.77-b03 mixed mode windows-amd64 compressed oops)
Heap:
 PSYoungGen      total 18944K, used 11700K [0x00000000e0000000, 0x00000000e1500000, 0x0000000100000000)
  eden space 16384K, 71% used [0x00000000e0000000,0x00000000e0b6d270,0x00000000e1000000)
  from space 2560K, 0% used [0x00000000e1000000,0x00000000e1000000,0x00000000e1280000)
  to   space 2560K, 0% used [0x00000000e1280000,0x00000000e1280000,0x00000000e1500000)
 ParOldGen       total 33280K, used 7031K [0x00000000a0000000, 0x00000000a2080000, 0x00000000e0000000)
  object space 33280K, 21% used [0x00000000a0000000,0x00000000a06dddd0,0x00000000a2080000)
 Metaspace       used 23076K, capacity 23496K, committed 23936K, reserved 1071104K
  class space    used 3035K, capacity 3134K, committed 3200K, reserved 1048576K
GC Heap History (10 events):
Event: 6.142 GC heap before
{Heap before GC invocations=3 (full 1):
 PSYoungGen      total 18944K, used 16384K [0x00000000e0000000, 0x00000000e1500000, 0x0000000100000000)
  eden space 16384K, 100% used [0x00000000e0000000,0x00000000e1000000,0x00000000e1000000)
  from space 2560K, 0% used [0x00000000e1000000,0x00000000e1000000,0x00000000e1280000)
  to   space 2560K, 0% used [0x00000000e1280000,0x00000000e1280000,0x00000000e1500000)
 ParOldGen       total 44032K, used 2912K [0x00000000a0000000, 0x00000000a2b00000, 0x00000000e0000000)
  object space 44032K, 6% used [0x00000000a0000000,0x00000000a02d8020,0x00000000a2b00000)
 Metaspace       used 11877K, capacity 12108K, committed 12288K, reserved 1060864K
  class space    used 1368K, capacity 1458K, committed 1536K, reserved 1048576K
Event: 6.148 GC heap after
Heap after GC invocations=3 (full 1):
 PSYoungGen      total 18944K, used 2531K [0x00000000e0000000, 0x00000000e1500000, 0x0000000100000000)
  eden space 16384K, 0% used [0x00000000e0000000,0x00000000e0000000,0x00000000e1000000)
  from space 2560K, 98% used [0x00000000e1280000,0x00000000e14f8ea8,0x00000000e1500000)
  to   space 2560K, 0% used [0x00000000e1000000,0x00000000e1000000,0x00000000e1280000)
 ParOldGen       total 44032K, used 4312K [0x00000000a0000000, 0x00000000a2b00000, 0x00000000e0000000)
  object space 44032K, 9% used [0x00000000a0000000,0x00000000a0436100,0x00000000a2b00000)
 Metaspace       used 11877K, capacity 12108K, committed 12288K, reserved 1060864K
  class space    used 1368K, capacity 1458K, committed 1536K, reserved 1048576K
}
Event: 6.452 GC heap before
{Heap before GC invocations=4 (full 1):
 PSYoungGen      total 18944K, used 18915K [0x00000000e0000000, 0x00000000e1500000, 0x0000000100000000)
  eden space 16384K, 100% used [0x00000000e0000000,0x00000000e1000000,0x00000000e1000000)
  from space 2560K, 98% used [0x00000000e1280000,0x00000000e14f8ea8,0x00000000e1500000)
  to   space 2560K, 0% used [0x00000000e1000000,0x00000000e1000000,0x00000000e1280000)
 ParOldGen       total 44032K, used 4312K [0x00000000a0000000, 0x00000000a2b00000, 0x00000000e0000000)
  object space 44032K, 9% used [0x00000000a0000000,0x00000000a0436100,0x00000000a2b00000)
 Metaspace       used 14418K, capacity 14678K, committed 14976K, reserved 1062912K
  class space    used 1746K, capacity 1817K, committed 1920K, reserved 1048576K
Event: 6.460 GC heap after
Heap after GC invocations=4 (full 1):
 PSYoungGen      total 18944K, used 2532K [0x00000000e0000000, 0x00000000e1500000, 0x0000000100000000)
  eden space 16384K, 0% used [0x00000000e0000000,0x00000000e0000000,0x00000000e1000000)
  from space 2560K, 98% used [0x00000000e1000000,0x00000000e12790d8,0x00000000e1280000)
  to   space 2560K, 0% used [0x00000000e1280000,0x00000000e1280000,0x00000000e1500000)
 ParOldGen       total 44032K, used 7330K [0x00000000a0000000, 0x00000000a2b00000, 0x00000000e0000000)
  object space 44032K, 16% used [0x00000000a0000000,0x00000000a07288c0,0x00000000a2b00000)
 Metaspace       used 14418K, capacity 14678K, committed 14976K, reserved 1062912K
  class space    used 1746K, capacity 1817K, committed 1920K, reserved 1048576K
}
Event: 7.314 GC heap before
{Heap before GC invocations=5 (full 1):
 PSYoungGen      total 18944K, used 18916K [0x00000000e0000000, 0x00000000e1500000, 0x0000000100000000)
  eden space 16384K, 100% used [0x00000000e0000000,0x00000000e1000000,0x00000000e1000000)
  from space 2560K, 98% used [0x00000000e1000000,0x00000000e12790d8,0x00000000e1280000)
  to   space 2560K, 0% used [0x00000000e1280000,0x00000000e1280000,0x00000000e1500000)
 ParOldGen       total 44032K, used 7330K [0x00000000a0000000, 0x00000000a2b00000, 0x00000000e0000000)
  object space 44032K, 16% used [0x00000000a0000000,0x00000000a07288c0,0x00000000a2b00000)
 Metaspace       used 18767K, capacity 19108K, committed 19328K, reserved 1067008K
  class space    used 2304K, capacity 2374K, committed 2432K, reserved 1048576K
Event: 7.322 GC heap after
Heap after GC invocations=5 (full 1):
 PSYoungGen      total 18944K, used 2528K [0x00000000e0000000, 0x00000000e1500000, 0x0000000100000000)
  eden space 16384K, 0% used [0x00000000e0000000,0x00000000e0000000,0x00000000e1000000)
  from space 2560K, 98% used [0x00000000e1280000,0x00000000e14f8020,0x00000000e1500000)
  to   space 2560K, 0% used [0x00000000e1000000,0x00000000e1000000,0x00000000e1280000)
 ParOldGen       total 44032K, used 11200K [0x00000000a0000000, 0x00000000a2b00000, 0x00000000e0000000)
  object space 44032K, 25% used [0x00000000a0000000,0x00000000a0af0200,0x00000000a2b00000)
 Metaspace       used 18767K, capacity 19108K, committed 19328K, reserved 1067008K
  class space    used 2304K, capacity 2374K, committed 2432K, reserved 1048576K
}
Event: 7.583 GC heap before
{Heap before GC invocations=6 (full 1):
 PSYoungGen      total 18944K, used 12543K [0x00000000e0000000, 0x00000000e1500000, 0x0000000100000000)
  eden space 16384K, 61% used [0x00000000e0000000,0x00000000e09c7d30,0x00000000e1000000)
  from space 2560K, 98% used [0x00000000e1280000,0x00000000e14f8020,0x00000000e1500000)
  to   space 2560K, 0% used [0x00000000e1000000,0x00000000e1000000,0x00000000e1280000)
 ParOldGen       total 44032K, used 11200K [0x00000000a0000000, 0x00000000a2b00000, 0x00000000e0000000)
  object space 44032K, 25% used [0x00000000a0000000,0x00000000a0af0200,0x00000000a2b00000)
 Metaspace       used 20613K, capacity 20998K, committed 21248K, reserved 1067008K
  class space    used 2595K, capacity 2709K, committed 2816K, reserved 1048576K
Event: 7.590 GC heap after
Heap after GC invocations=6 (full 1):
 PSYoungGen      total 18944K, used 2528K [0x00000000e0000000, 0x00000000e1500000, 0x0000000100000000)
  eden space 16384K, 0% used [0x00000000e0000000,0x00000000e0000000,0x00000000e1000000)
  from space 2560K, 98% used [0x00000000e1000000,0x00000000e1278020,0x00000000e1280000)
  to   space 2560K, 0% used [0x00000000e1280000,0x00000000e1280000,0x00000000e1500000)
 ParOldGen       total 44032K, used 13297K [0x00000000a0000000, 0x00000000a2b00000, 0x00000000e0000000)
  object space 44032K, 30% used [0x00000000a0000000,0x00000000a0cfc690,0x00000000a2b00000)
 Metaspace       used 20613K, capacity 20998K, committed 21248K, reserved 1067008K
  class space    used 2595K, capacity 2709K, committed 2816K, reserved 1048576K
}
Event: 7.590 GC heap before
{Heap before GC invocations=7 (full 2):
 PSYoungGen      total 18944K, used 2528K [0x00000000e0000000, 0x00000000e1500000, 0x0000000100000000)
  eden space 16384K, 0% used [0x00000000e0000000,0x00000000e0000000,0x00000000e1000000)
  from space 2560K, 98% used [0x00000000e1000000,0x00000000e1278020,0x00000000e1280000)
  to   space 2560K, 0% used [0x00000000e1280000,0x00000000e1280000,0x00000000e1500000)
 ParOldGen       total 44032K, used 13297K [0x00000000a0000000, 0x00000000a2b00000, 0x00000000e0000000)
  object space 44032K, 30% used [0x00000000a0000000,0x00000000a0cfc690,0x00000000a2b00000)
 Metaspace       used 20613K, capacity 20998K, committed 21248K, reserved 1067008K
  class space    used 2595K, capacity 2709K, committed 2816K, reserved 1048576K
Event: 7.635 GC heap after
Heap after GC invocations=7 (full 2):
 PSYoungGen      total 18944K, used 0K [0x00000000e0000000, 0x00000000e1500000, 0x0000000100000000)
  eden space 16384K, 0% used [0x00000000e0000000,0x00000000e0000000,0x00000000e1000000)
  from space 2560K, 0% used [0x00000000e1000000,0x00000000e1000000,0x00000000e1280000)
  to   space 2560K, 0% used [0x00000000e1280000,0x00000000e1280000,0x00000000e1500000)
 ParOldGen       total 33280K, used 7031K [0x00000000a0000000, 0x00000000a2080000, 0x00000000e0000000)
  object space 33280K, 21% used [0x00000000a0000000,0x00000000a06dddd0,0x00000000a2080000)
 Metaspace       used 20613K, capacity 20998K, committed 21248K, reserved 1067008K
  class space    used 2595K, capacity 2709K, committed 2816K, reserved 1048576K
}

