# JRE version: Java(TM) SE Runtime Environment (8.0_77-b03) (build 1.8.0_77-b03)
# Java VM: Java HotSpot(TM) 64-Bit Server VM (25.77-b03 mixed mode windows-amd64 compressed oops)
Heap:
 PSYoungGen      total 100352K, used 76046K [0x00000000e0000000, 0x00000000e7600000, 0x0000000100000000)
  eden space 86528K, 87% used [0x00000000e0000000,0x00000000e4a43b90,0x00000000e5480000)
  from space 13824K, 0% used [0x00000000e6300000,0x00000000e6300000,0x00000000e7080000)
  to   space 14848K, 0% used [0x00000000e5480000,0x00000000e5480000,0x00000000e6300000)
 ParOldGen       total 33792K, used 18021K [0x00000000a0000000, 0x00000000a2100000, 0x00000000e0000000)
  object space 33792K, 53% used [0x00000000a0000000,0x00000000a1199540,0x00000000a2100000)
 Metaspace       used 39020K, capacity 39534K, committed 39936K, reserved 1083392K
  class space    used 4943K, capacity 5083K, committed 5120K, reserved 1048576K
GC Heap History (10 events):
Event: 5.346 GC heap before
{Heap before GC invocations=7 (full 2):
 PSYoungGen      total 35328K, used 2532K [0x00000000e0000000, 0x00000000e4500000, 0x0000000100000000)
  eden space 32768K, 0% used [0x00000000e0000000,0x00000000e0000000,0x00000000e2000000)
  from space 2560K, 98% used [0x00000000e2000000,0x00000000e22790b8,0x00000000e2280000)
  to   space 2560K, 0% used [0x00000000e4280000,0x00000000e4280000,0x00000000e4500000)
 ParOldGen       total 44032K, used 13488K [0x00000000a0000000, 0x00000000a2b00000, 0x00000000e0000000)
  object space 44032K, 30% used [0x00000000a0000000,0x00000000a0d2c330,0x00000000a2b00000)
 Metaspace       used 20648K, capacity 20998K, committed 21248K, reserved 1067008K
  class space    used 2604K, capacity 2709K, committed 2816K, reserved 1048576K
Event: 5.394 GC heap after
Heap after GC invocations=7 (full 2):
 PSYoungGen      total 35328K, used 0K [0x00000000e0000000, 0x00000000e4500000, 0x0000000100000000)
  eden space 32768K, 0% used [0x00000000e0000000,0x00000000e0000000,0x00000000e2000000)
  from space 2560K, 0% used [0x00000000e2000000,0x00000000e2000000,0x00000000e2280000)
  to   space 2560K, 0% used [0x00000000e4280000,0x00000000e4280000,0x00000000e4500000)
 ParOldGen       total 33792K, used 7198K [0x00000000a0000000, 0x00000000a2100000, 0x00000000e0000000)
  object space 33792K, 21% used [0x00000000a0000000,0x00000000a0707b60,0x00000000a2100000)
 Metaspace       used 20648K, capacity 20998K, committed 21248K, reserved 1067008K
  class space    used 2604K, capacity 2709K, committed 2816K, reserved 1048576K
}
Event: 8.379 GC heap before
{Heap before GC invocations=8 (full 2):
 PSYoungGen      total 35328K, used 32768K [0x00000000e0000000, 0x00000000e4500000, 0x0000000100000000)
  eden space 32768K, 100% used [0x00000000e0000000,0x00000000e2000000,0x00000000e2000000)
  from space 2560K, 0% used [0x00000000e2000000,0x00000000e2000000,0x00000000e2280000)
  to   space 2560K, 0% used [0x00000000e4280000,0x00000000e4280000,0x00000000e4500000)
 ParOldGen       total 33792K, used 7198K [0x00000000a0000000, 0x00000000a2100000, 0x00000000e0000000)
  object space 33792K, 21% used [0x00000000a0000000,0x00000000a0707b60,0x00000000a2100000)
 Metaspace       used 24639K, capacity 25082K, committed 25472K, reserved 1071104K
  class space    used 3250K, capacity 3357K, committed 3456K, reserved 1048576K
Event: 8.388 GC heap after
Heap after GC invocations=8 (full 2):
 PSYoungGen      total 56320K, used 2538K [0x00000000e0000000, 0x00000000e4500000, 0x0000000100000000)
  eden space 53760K, 0% used [0x00000000e0000000,0x00000000e0000000,0x00000000e3480000)
  from space 2560K, 99% used [0x00000000e4280000,0x00000000e44fa8b8,0x00000000e4500000)
  to   space 8192K, 0% used [0x00000000e3500000,0x00000000e3500000,0x00000000e3d00000)
 ParOldGen       total 33792K, used 11487K [0x00000000a0000000, 0x00000000a2100000, 0x00000000e0000000)
  object space 33792K, 33% used [0x00000000a0000000,0x00000000a0b37d48,0x00000000a2100000)
 Metaspace       used 24639K, capacity 25082K, committed 25472K, reserved 1071104K
  class space    used 3250K, capacity 3357K, committed 3456K, reserved 1048576K
}
Event: 9.698 GC heap before
{Heap before GC invocations=9 (full 2):
 PSYoungGen      total 56320K, used 56298K [0x00000000e0000000, 0x00000000e4500000, 0x0000000100000000)
  eden space 53760K, 100% used [0x00000000e0000000,0x00000000e3480000,0x00000000e3480000)
  from space 2560K, 99% used [0x00000000e4280000,0x00000000e44fa8b8,0x00000000e4500000)
  to   space 8192K, 0% used [0x00000000e3500000,0x00000000e3500000,0x00000000e3d00000)
 ParOldGen       total 33792K, used 11487K [0x00000000a0000000, 0x00000000a2100000, 0x00000000e0000000)
  object space 33792K, 33% used [0x00000000a0000000,0x00000000a0b37d48,0x00000000a2100000)
 Metaspace       used 32771K, capacity 33244K, committed 33664K, reserved 1079296K
  class space    used 4229K, capacity 4362K, committed 4480K, reserved 1048576K
Event: 9.721 GC heap after
Heap after GC invocations=9 (full 2):
 PSYoungGen      total 62464K, used 8189K [0x00000000e0000000, 0x00000000e7080000, 0x0000000100000000)
  eden space 54272K, 0% used [0x00000000e0000000,0x00000000e0000000,0x00000000e3500000)
  from space 8192K, 99% used [0x00000000e3500000,0x00000000e3cff4e8,0x00000000e3d00000)
  to   space 13824K, 0% used [0x00000000e6300000,0x00000000e6300000,0x00000000e7080000)
 ParOldGen       total 33792K, used 20832K [0x00000000a0000000, 0x00000000a2100000, 0x00000000e0000000)
  object space 33792K, 61% used [0x00000000a0000000,0x00000000a14580e8,0x00000000a2100000)
 Metaspace       used 32771K, capacity 33244K, committed 33664K, reserved 1079296K
  class space    used 4229K, capacity 4362K, committed 4480K, reserved 1048576K
}
Event: 10.398 GC heap before
{Heap before GC invocations=10 (full 2):
 PSYoungGen      total 62464K, used 23130K [0x00000000e0000000, 0x00000000e7080000, 0x0000000100000000)
  eden space 54272K, 27% used [0x00000000e0000000,0x00000000e0e97328,0x00000000e3500000)
  from space 8192K, 99% used [0x00000000e3500000,0x00000000e3cff4e8,0x00000000e3d00000)
  to   space 13824K, 0% used [0x00000000e6300000,0x00000000e6300000,0x00000000e7080000)
 ParOldGen       total 33792K, used 20832K [0x00000000a0000000, 0x00000000a2100000, 0x00000000e0000000)
  object space 33792K, 61% used [0x00000000a0000000,0x00000000a14580e8,0x00000000a2100000)
 Metaspace       used 34591K, capacity 35088K, committed 35416K, reserved 1081344K
  class space    used 4447K, capacity 4578K, committed 4608K, reserved 1048576K
Event: 10.421 GC heap after
Heap after GC invocations=10 (full 2):
 PSYoungGen      total 100352K, used 11422K [0x00000000e0000000, 0x00000000e7600000, 0x0000000100000000)
  eden space 86528K, 0% used [0x00000000e0000000,0x00000000e0000000,0x00000000e5480000)
  from space 13824K, 82% used [0x00000000e6300000,0x00000000e6e279a8,0x00000000e7080000)
  to   space 14848K, 0% used [0x00000000e5480000,0x00000000e5480000,0x00000000e6300000)
 ParOldGen       total 33792K, used 20840K [0x00000000a0000000, 0x00000000a2100000, 0x00000000e0000000)
  object space 33792K, 61% used [0x00000000a0000000,0x00000000a145a0e8,0x00000000a2100000)
 Metaspace       used 34591K, capacity 35088K, committed 35416K, reserved 1081344K
  class space    used 4447K, capacity 4578K, committed 4608K, reserved 1048576K
}
Event: 10.421 GC heap before
{Heap before GC invocations=11 (full 3):
 PSYoungGen      total 100352K, used 11422K [0x00000000e0000000, 0x00000000e7600000, 0x0000000100000000)
  eden space 86528K, 0% used [0x00000000e0000000,0x00000000e0000000,0x00000000e5480000)
  from space 13824K, 82% used [0x00000000e6300000,0x00000000e6e279a8,0x00000000e7080000)
  to   space 14848K, 0% used [0x00000000e5480000,0x00000000e5480000,0x00000000e6300000)
 ParOldGen       total 33792K, used 20840K [0x00000000a0000000, 0x00000000a2100000, 0x00000000e0000000)
  object space 33792K, 61% used [0x00000000a0000000,0x00000000a145a0e8,0x00000000a2100000)
 Metaspace       used 34591K, capacity 35088K, committed 35416K, reserved 1081344K
  class space    used 4447K, capacity 4578K, committed 4608K, reserved 1048576K
Event: 10.565 GC heap after
Heap after GC invocations=11 (full 3):
 PSYoungGen      total 100352K, used 0K [0x00000000e0000000, 0x00000000e7600000, 0x0000000100000000)
  eden space 86528K, 0% used [0x00000000e0000000,0x00000000e0000000,0x00000000e5480000)
  from space 13824K, 0% used [0x00000000e6300000,0x00000000e6300000,0x00000000e7080000)
  to   space 14848K, 0% used [0x00000000e5480000,0x00000000e5480000,0x00000000e6300000)
 ParOldGen       total 33792K, used 18021K [0x00000000a0000000, 0x00000000a2100000, 0x00000000e0000000)
  object space 33792K, 53% used [0x00000000a0000000,0x00000000a1199540,0x00000000a2100000)
 Metaspace       used 34591K, capacity 35088K, committed 35416K, reserved 1081344K
  class space    used 4447K, capacity 4578K, committed 4608K, reserved 1048576K
}

