# JRE version: Java(TM) SE Runtime Environment (8.0_77-b03) (build 1.8.0_77-b03)
# Java VM: Java HotSpot(TM) 64-Bit Server VM (25.77-b03 mixed mode windows-amd64 compressed oops)
Heap:
 PSYoungGen      total 49152K, used 16654K [0x00000000e0000000, 0x00000000e4200000, 0x0000000100000000)
  eden space 41472K, 21% used [0x00000000e0000000,0x00000000e08c94c0,0x00000000e2880000)
  from space 7680K, 99% used [0x00000000e3300000,0x00000000e3a7a598,0x00000000e3a80000)
  to   space 10752K, 0% used [0x00000000e2880000,0x00000000e2880000,0x00000000e3300000)
 ParOldGen       total 33792K, used 13637K [0x00000000a0000000, 0x00000000a2100000, 0x00000000e0000000)
  object space 33792K, 40% used [0x00000000a0000000,0x00000000a0d51500,0x00000000a2100000)
 Metaspace       used 32577K, capacity 33056K, committed 33664K, reserved 1079296K
  class space    used 4226K, capacity 4362K, committed 4480K, reserved 1048576K
GC Heap History (10 events):
Event: 6.924 GC heap before
{Heap before GC invocations=6 (full 1):
 PSYoungGen      total 18944K, used 13294K [0x00000000e0000000, 0x00000000e1500000, 0x0000000100000000)
  eden space 16384K, 65% used [0x00000000e0000000,0x00000000e0a7fac8,0x00000000e1000000)
  from space 2560K, 99% used [0x00000000e1280000,0x00000000e14fc030,0x00000000e1500000)
  to   space 2560K, 0% used [0x00000000e1000000,0x00000000e1000000,0x00000000e1280000)
 ParOldGen       total 44032K, used 11046K [0x00000000a0000000, 0x00000000a2b00000, 0x00000000e0000000)
  object space 44032K, 25% used [0x00000000a0000000,0x00000000a0ac99f0,0x00000000a2b00000)
 Metaspace       used 20598K, capacity 20998K, committed 21248K, reserved 1067008K
  class space    used 2597K, capacity 2709K, committed 2816K, reserved 1048576K
Event: 6.932 GC heap after
Heap after GC invocations=6 (full 1):
 PSYoungGen      total 18944K, used 2528K [0x00000000e0000000, 0x00000000e2500000, 0x0000000100000000)
  eden space 16384K, 0% used [0x00000000e0000000,0x00000000e0000000,0x00000000e1000000)
  from space 2560K, 98% used [0x00000000e1000000,0x00000000e1278020,0x00000000e1280000)
  to   space 2560K, 0% used [0x00000000e2280000,0x00000000e2280000,0x00000000e2500000)
 ParOldGen       total 44032K, used 13366K [0x00000000a0000000, 0x00000000a2b00000, 0x00000000e0000000)
  object space 44032K, 30% used [0x00000000a0000000,0x00000000a0d0db78,0x00000000a2b00000)
 Metaspace       used 20598K, capacity 20998K, committed 21248K, reserved 1067008K
  class space    used 2597K, capacity 2709K, committed 2816K, reserved 1048576K
}
Event: 6.932 GC heap before
{Heap before GC invocations=7 (full 2):
 PSYoungGen      total 18944K, used 2528K [0x00000000e0000000, 0x00000000e2500000, 0x0000000100000000)
  eden space 16384K, 0% used [0x00000000e0000000,0x00000000e0000000,0x00000000e1000000)
  from space 2560K, 98% used [0x00000000e1000000,0x00000000e1278020,0x00000000e1280000)
  to   space 2560K, 0% used [0x00000000e2280000,0x00000000e2280000,0x00000000e2500000)
 ParOldGen       total 44032K, used 13366K [0x00000000a0000000, 0x00000000a2b00000, 0x00000000e0000000)
  object space 44032K, 30% used [0x00000000a0000000,0x00000000a0d0db78,0x00000000a2b00000)
 Metaspace       used 20598K, capacity 20998K, committed 21248K, reserved 1067008K
  class space    used 2597K, capacity 2709K, committed 2816K, reserved 1048576K
Event: 6.979 GC heap after
Heap after GC invocations=7 (full 2):
 PSYoungGen      total 18944K, used 0K [0x00000000e0000000, 0x00000000e2500000, 0x0000000100000000)
  eden space 16384K, 0% used [0x00000000e0000000,0x00000000e0000000,0x00000000e1000000)
  from space 2560K, 0% used [0x00000000e1000000,0x00000000e1000000,0x00000000e1280000)
  to   space 2560K, 0% used [0x00000000e2280000,0x00000000e2280000,0x00000000e2500000)
 ParOldGen       total 33792K, used 7201K [0x00000000a0000000, 0x00000000a2100000, 0x00000000e0000000)
  object space 33792K, 21% used [0x00000000a0000000,0x00000000a0708658,0x00000000a2100000)
 Metaspace       used 20598K, capacity 20998K, committed 21248K, reserved 1067008K
  class space    used 2597K, capacity 2709K, committed 2816K, reserved 1048576K
}
Event: 7.309 GC heap before
{Heap before GC invocations=8 (full 2):
 PSYoungGen      total 18944K, used 16384K [0x00000000e0000000, 0x00000000e2500000, 0x0000000100000000)
  eden space 16384K, 100% used [0x00000000e0000000,0x00000000e1000000,0x00000000e1000000)
  from space 2560K, 0% used [0x00000000e1000000,0x00000000e1000000,0x00000000e1280000)
  to   space 2560K, 0% used [0x00000000e2280000,0x00000000e2280000,0x00000000e2500000)
 ParOldGen       total 33792K, used 7201K [0x00000000a0000000, 0x00000000a2100000, 0x00000000e0000000)
  object space 33792K, 21% used [0x00000000a0000000,0x00000000a0708658,0x00000000a2100000)
 Metaspace       used 23953K, capacity 24368K, committed 24832K, reserved 1071104K
  class space    used 3165K, capacity 3278K, committed 3328K, reserved 1048576K
Event: 7.314 GC heap after
Heap after GC invocations=8 (full 2):
 PSYoungGen      total 30208K, used 2551K [0x00000000e0000000, 0x00000000e2900000, 0x0000000100000000)
  eden space 27648K, 0% used [0x00000000e0000000,0x00000000e0000000,0x00000000e1b00000)
  from space 2560K, 99% used [0x00000000e2280000,0x00000000e24fdf90,0x00000000e2500000)
  to   space 7168K, 0% used [0x00000000e1b00000,0x00000000e1b00000,0x00000000e2200000)
 ParOldGen       total 33792K, used 8484K [0x00000000a0000000, 0x00000000a2100000, 0x00000000e0000000)
  object space 33792K, 25% used [0x00000000a0000000,0x00000000a0849188,0x00000000a2100000)
 Metaspace       used 23953K, capacity 24368K, committed 24832K, reserved 1071104K
  class space    used 3165K, capacity 3278K, committed 3328K, reserved 1048576K
}
Event: 11.079 GC heap before
{Heap before GC invocations=9 (full 2):
 PSYoungGen      total 30208K, used 30199K [0x00000000e0000000, 0x00000000e2900000, 0x0000000100000000)
  eden space 27648K, 100% used [0x00000000e0000000,0x00000000e1b00000,0x00000000e1b00000)
  from space 2560K, 99% used [0x00000000e2280000,0x00000000e24fdf90,0x00000000e2500000)
  to   space 7168K, 0% used [0x00000000e1b00000,0x00000000e1b00000,0x00000000e2200000)
 ParOldGen       total 33792K, used 8484K [0x00000000a0000000, 0x00000000a2100000, 0x00000000e0000000)
  object space 33792K, 25% used [0x00000000a0000000,0x00000000a0849188,0x00000000a2100000)
 Metaspace       used 25577K, capacity 26044K, committed 26368K, reserved 1073152K
  class space    used 3367K, capacity 3486K, committed 3584K, reserved 1048576K
Event: 11.091 GC heap after
Heap after GC invocations=9 (full 2):
 PSYoungGen      total 34816K, used 6421K [0x00000000e0000000, 0x00000000e3a80000, 0x0000000100000000)
  eden space 27648K, 0% used [0x00000000e0000000,0x00000000e0000000,0x00000000e1b00000)
  from space 7168K, 89% used [0x00000000e1b00000,0x00000000e2145588,0x00000000e2200000)
  to   space 7680K, 0% used [0x00000000e3300000,0x00000000e3300000,0x00000000e3a80000)
 ParOldGen       total 33792K, used 8492K [0x00000000a0000000, 0x00000000a2100000, 0x00000000e0000000)
  object space 33792K, 25% used [0x00000000a0000000,0x00000000a084b188,0x00000000a2100000)
 Metaspace       used 25577K, capacity 26044K, committed 26368K, reserved 1073152K
  class space    used 3367K, capacity 3486K, committed 3584K, reserved 1048576K
}
Event: 11.870 GC heap before
{Heap before GC invocations=10 (full 2):
 PSYoungGen      total 34816K, used 34069K [0x00000000e0000000, 0x00000000e3a80000, 0x0000000100000000)
  eden space 27648K, 100% used [0x00000000e0000000,0x00000000e1b00000,0x00000000e1b00000)
  from space 7168K, 89% used [0x00000000e1b00000,0x00000000e2145588,0x00000000e2200000)
  to   space 7680K, 0% used [0x00000000e3300000,0x00000000e3300000,0x00000000e3a80000)
 ParOldGen       total 33792K, used 8492K [0x00000000a0000000, 0x00000000a2100000, 0x00000000e0000000)
  object space 33792K, 25% used [0x00000000a0000000,0x00000000a084b188,0x00000000a2100000)
 Metaspace       used 30680K, capacity 31202K, committed 31616K, reserved 1077248K
  class space    used 3999K, capacity 4133K, committed 4224K, reserved 1048576K
Event: 11.887 GC heap after
Heap after GC invocations=10 (full 2):
 PSYoungGen      total 49152K, used 7657K [0x00000000e0000000, 0x00000000e4200000, 0x0000000100000000)
  eden space 41472K, 0% used [0x00000000e0000000,0x00000000e0000000,0x00000000e2880000)
  from space 7680K, 99% used [0x00000000e3300000,0x00000000e3a7a598,0x00000000e3a80000)
  to   space 10752K, 0% used [0x00000000e2880000,0x00000000e2880000,0x00000000e3300000)
 ParOldGen       total 33792K, used 13637K [0x00000000a0000000, 0x00000000a2100000, 0x00000000e0000000)
  object space 33792K, 40% used [0x00000000a0000000,0x00000000a0d51500,0x00000000a2100000)
 Metaspace       used 30680K, capacity 31202K, committed 31616K, reserved 1077248K
  class space    used 3999K, capacity 4133K, committed 4224K, reserved 1048576K
}

