# JRE version: Java(TM) SE Runtime Environment (8.0_77-b03) (build 1.8.0_77-b03)
# Java VM: Java HotSpot(TM) 64-Bit Server VM (25.77-b03 mixed mode windows-amd64 compressed oops)
Heap:
 PSYoungGen      total 371712K, used 156155K [0x00000000e0000000, 0x00000000fbe00000, 0x0000000100000000)
  eden space 330240K, 35% used [0x00000000e0000000,0x00000000e70ede40,0x00000000f4280000)
  from space 41472K, 97% used [0x00000000f4280000,0x00000000f6a11150,0x00000000f6b00000)
  to   space 47616K, 0% used [0x00000000f8f80000,0x00000000f8f80000,0x00000000fbe00000)
 ParOldGen       total 150528K, used 113549K [0x00000000a0000000, 0x00000000a9300000, 0x00000000e0000000)
  object space 150528K, 75% used [0x00000000a0000000,0x00000000a6ee3788,0x00000000a9300000)
 Metaspace       used 63785K, capacity 65468K, committed 65664K, reserved 1107968K
  class space    used 7369K, capacity 7786K, committed 7808K, reserved 1048576K
GC Heap History (10 events):
Event: 37.716 GC heap before
{Heap before GC invocations=25 (full 6):
 PSYoungGen      total 273408K, used 272955K [0x00000000e0000000, 0x00000000f4300000, 0x0000000100000000)
  eden space 265728K, 100% used [0x00000000e0000000,0x00000000f0380000,0x00000000f0380000)
  from space 7680K, 94% used [0x00000000f3b80000,0x00000000f428ecb0,0x00000000f4300000)
  to   space 27648K, 0% used [0x00000000f0d00000,0x00000000f0d00000,0x00000000f2800000)
 ParOldGen       total 150528K, used 62166K [0x00000000a0000000, 0x00000000a9300000, 0x00000000e0000000)
  object space 150528K, 41% used [0x00000000a0000000,0x00000000a3cb5880,0x00000000a9300000)
 Metaspace       used 60269K, capacity 61692K, committed 61952K, reserved 1103872K
  class space    used 7132K, capacity 7416K, committed 7424K, reserved 1048576K
Event: 37.743 GC heap after
Heap after GC invocations=25 (full 6):
 PSYoungGen      total 303104K, used 14488K [0x00000000e0000000, 0x00000000f5f00000, 0x0000000100000000)
  eden space 275456K, 0% used [0x00000000e0000000,0x00000000e0000000,0x00000000f0d00000)
  from space 27648K, 52% used [0x00000000f0d00000,0x00000000f1b263f8,0x00000000f2800000)
  to   space 27136K, 0% used [0x00000000f4480000,0x00000000f4480000,0x00000000f5f00000)
 ParOldGen       total 150528K, used 62182K [0x00000000a0000000, 0x00000000a9300000, 0x00000000e0000000)
  object space 150528K, 41% used [0x00000000a0000000,0x00000000a3cb9880,0x00000000a9300000)
 Metaspace       used 60269K, capacity 61692K, committed 61952K, reserved 1103872K
  class space    used 7132K, capacity 7416K, committed 7424K, reserved 1048576K
}
Event: 2317.902 GC heap before
{Heap before GC invocations=26 (full 6):
 PSYoungGen      total 303104K, used 288716K [0x00000000e0000000, 0x00000000f5f00000, 0x0000000100000000)
  eden space 275456K, 99% used [0x00000000e0000000,0x00000000f0bccf28,0x00000000f0d00000)
  from space 27648K, 52% used [0x00000000f0d00000,0x00000000f1b263f8,0x00000000f2800000)
  to   space 27136K, 0% used [0x00000000f4480000,0x00000000f4480000,0x00000000f5f00000)
 ParOldGen       total 150528K, used 62182K [0x00000000a0000000, 0x00000000a9300000, 0x00000000e0000000)
  object space 150528K, 41% used [0x00000000a0000000,0x00000000a3cb9880,0x00000000a9300000)
 Metaspace       used 61561K, capacity 63100K, committed 63232K, reserved 1105920K
  class space    used 7229K, capacity 7558K, committed 7680K, reserved 1048576K
Event: 2318.429 GC heap after
Heap after GC invocations=26 (full 6):
 PSYoungGen      total 325632K, used 27119K [0x00000000e0000000, 0x00000000f7000000, 0x0000000100000000)
  eden space 298496K, 0% used [0x00000000e0000000,0x00000000e0000000,0x00000000f2380000)
  from space 27136K, 99% used [0x00000000f4480000,0x00000000f5efbf10,0x00000000f5f00000)
  to   space 33792K, 0% used [0x00000000f2380000,0x00000000f2380000,0x00000000f4480000)
 ParOldGen       total 150528K, used 68209K [0x00000000a0000000, 0x00000000a9300000, 0x00000000e0000000)
  object space 150528K, 45% used [0x00000000a0000000,0x00000000a429c5d8,0x00000000a9300000)
 Metaspace       used 61561K, capacity 63100K, committed 63232K, reserved 1105920K
  class space    used 7229K, capacity 7558K, committed 7680K, reserved 1048576K
}
Event: 2677.098 GC heap before
{Heap before GC invocations=27 (full 6):
 PSYoungGen      total 325632K, used 325615K [0x00000000e0000000, 0x00000000f7000000, 0x0000000100000000)
  eden space 298496K, 100% used [0x00000000e0000000,0x00000000f2380000,0x00000000f2380000)
  from space 27136K, 99% used [0x00000000f4480000,0x00000000f5efbf10,0x00000000f5f00000)
  to   space 33792K, 0% used [0x00000000f2380000,0x00000000f2380000,0x00000000f4480000)
 ParOldGen       total 150528K, used 68209K [0x00000000a0000000, 0x00000000a9300000, 0x00000000e0000000)
  object space 150528K, 45% used [0x00000000a0000000,0x00000000a429c5d8,0x00000000a9300000)
 Metaspace       used 62763K, capacity 64340K, committed 64512K, reserved 1105920K
  class space    used 7311K, capacity 7640K, committed 7680K, reserved 1048576K
Event: 2677.455 GC heap after
Heap after GC invocations=27 (full 6):
 PSYoungGen      total 332288K, used 33779K [0x00000000e0000000, 0x00000000f9580000, 0x0000000100000000)
  eden space 298496K, 0% used [0x00000000e0000000,0x00000000e0000000,0x00000000f2380000)
  from space 33792K, 99% used [0x00000000f2380000,0x00000000f447cc38,0x00000000f4480000)
  to   space 43520K, 0% used [0x00000000f6b00000,0x00000000f6b00000,0x00000000f9580000)
 ParOldGen       total 150528K, used 80265K [0x00000000a0000000, 0x00000000a9300000, 0x00000000e0000000)
  object space 150528K, 53% used [0x00000000a0000000,0x00000000a4e62748,0x00000000a9300000)
 Metaspace       used 62763K, capacity 64340K, committed 64512K, reserved 1105920K
  class space    used 7311K, capacity 7640K, committed 7680K, reserved 1048576K
}
Event: 2684.333 GC heap before
{Heap before GC invocations=28 (full 6):
 PSYoungGen      total 332288K, used 332275K [0x00000000e0000000, 0x00000000f9580000, 0x0000000100000000)
  eden space 298496K, 100% used [0x00000000e0000000,0x00000000f2380000,0x00000000f2380000)
  from space 33792K, 99% used [0x00000000f2380000,0x00000000f447cc38,0x00000000f4480000)
  to   space 43520K, 0% used [0x00000000f6b00000,0x00000000f6b00000,0x00000000f9580000)
 ParOldGen       total 150528K, used 80265K [0x00000000a0000000, 0x00000000a9300000, 0x00000000e0000000)
  object space 150528K, 53% used [0x00000000a0000000,0x00000000a4e62748,0x00000000a9300000)
 Metaspace       used 63066K, capacity 64708K, committed 64896K, reserved 1105920K
  class space    used 7322K, capacity 7710K, committed 7808K, reserved 1048576K
Event: 2684.694 GC heap after
Heap after GC invocations=28 (full 6):
 PSYoungGen      total 372224K, used 17763K [0x00000000e0000000, 0x00000000f9400000, 0x0000000100000000)
  eden space 330240K, 0% used [0x00000000e0000000,0x00000000e0000000,0x00000000f4280000)
  from space 41984K, 42% used [0x00000000f6b00000,0x00000000f7c58d78,0x00000000f9400000)
  to   space 41472K, 0% used [0x00000000f4280000,0x00000000f4280000,0x00000000f6b00000)
 ParOldGen       total 150528K, used 113541K [0x00000000a0000000, 0x00000000a9300000, 0x00000000e0000000)
  object space 150528K, 75% used [0x00000000a0000000,0x00000000a6ee1788,0x00000000a9300000)
 Metaspace       used 63066K, capacity 64708K, committed 64896K, reserved 1105920K
  class space    used 7322K, capacity 7710K, committed 7808K, reserved 1048576K
}
Event: 2720.111 GC heap before
{Heap before GC invocations=29 (full 6):
 PSYoungGen      total 372224K, used 348003K [0x00000000e0000000, 0x00000000f9400000, 0x0000000100000000)
  eden space 330240K, 100% used [0x00000000e0000000,0x00000000f4280000,0x00000000f4280000)
  from space 41984K, 42% used [0x00000000f6b00000,0x00000000f7c58d78,0x00000000f9400000)
  to   space 41472K, 0% used [0x00000000f4280000,0x00000000f4280000,0x00000000f6b00000)
 ParOldGen       total 150528K, used 113541K [0x00000000a0000000, 0x00000000a9300000, 0x00000000e0000000)
  object space 150528K, 75% used [0x00000000a0000000,0x00000000a6ee1788,0x00000000a9300000)
 Metaspace       used 63662K, capacity 65308K, committed 65408K, reserved 1107968K
  class space    used 7357K, capacity 7754K, committed 7808K, reserved 1048576K
Event: 2720.592 GC heap after
Heap after GC invocations=29 (full 6):
 PSYoungGen      total 371712K, used 40516K [0x00000000e0000000, 0x00000000fbe00000, 0x0000000100000000)
  eden space 330240K, 0% used [0x00000000e0000000,0x00000000e0000000,0x00000000f4280000)
  from space 41472K, 97% used [0x00000000f4280000,0x00000000f6a11150,0x00000000f6b00000)
  to   space 47616K, 0% used [0x00000000f8f80000,0x00000000f8f80000,0x00000000fbe00000)
 ParOldGen       total 150528K, used 113549K [0x00000000a0000000, 0x00000000a9300000, 0x00000000e0000000)
  object space 150528K, 75% used [0x00000000a0000000,0x00000000a6ee3788,0x00000000a9300000)
 Metaspace       used 63662K, capacity 65308K, committed 65408K, reserved 1107968K
  class space    used 7357K, capacity 7754K, committed 7808K, reserved 1048576K
}

