# JRE version: Java(TM) SE Runtime Environment (8.0_77-b03) (build 1.8.0_77-b03)
# Java VM: Java HotSpot(TM) 64-Bit Server VM (25.77-b03 mixed mode windows-amd64 compressed oops)
Heap:
 PSYoungGen      total 58880K, used 27545K [0x00000000e0000000, 0x00000000e5000000, 0x0000000100000000)
  eden space 48128K, 35% used [0x00000000e0000000,0x00000000e10cb598,0x00000000e2f00000)
  from space 10752K, 96% used [0x00000000e4580000,0x00000000e4f9b130,0x00000000e5000000)
  to   space 13824K, 0% used [0x00000000e3500000,0x00000000e3500000,0x00000000e4280000)
 ParOldGen       total 161792K, used 147806K [0x00000000a0000000, 0x00000000a9e00000, 0x00000000e0000000)
  object space 161792K, 91% used [0x00000000a0000000,0x00000000a9057a60,0x00000000a9e00000)
 Metaspace       used 32321K, capacity 32862K, committed 33408K, reserved 1079296K
  class space    used 4204K, capacity 4353K, committed 4480K, reserved 1048576K
GC Heap History (10 events):
Event: 4.047 GC heap before
{Heap before GC invocations=8 (full 2):
 PSYoungGen      total 18944K, used 16384K [0x00000000e0000000, 0x00000000e2500000, 0x0000000100000000)
  eden space 16384K, 100% used [0x00000000e0000000,0x00000000e1000000,0x00000000e1000000)
  from space 2560K, 0% used [0x00000000e1000000,0x00000000e1000000,0x00000000e1280000)
  to   space 2560K, 0% used [0x00000000e2280000,0x00000000e2280000,0x00000000e2500000)
 ParOldGen       total 37376K, used 7469K [0x00000000a0000000, 0x00000000a2480000, 0x00000000e0000000)
  object space 37376K, 19% used [0x00000000a0000000,0x00000000a074b5b0,0x00000000a2480000)
 Metaspace       used 23666K, capacity 24090K, committed 24320K, reserved 1071104K
  class space    used 3164K, capacity 3273K, committed 3328K, reserved 1048576K
Event: 4.052 GC heap after
Heap after GC invocations=8 (full 2):
 PSYoungGen      total 26624K, used 2558K [0x00000000e0000000, 0x00000000e2580000, 0x0000000100000000)
  eden space 24064K, 0% used [0x00000000e0000000,0x00000000e0000000,0x00000000e1780000)
  from space 2560K, 99% used [0x00000000e2280000,0x00000000e24ff918,0x00000000e2500000)
  to   space 7168K, 0% used [0x00000000e1780000,0x00000000e1780000,0x00000000e1e80000)
 ParOldGen       total 37376K, used 10140K [0x00000000a0000000, 0x00000000a2480000, 0x00000000e0000000)
  object space 37376K, 27% used [0x00000000a0000000,0x00000000a09e70a8,0x00000000a2480000)
 Metaspace       used 23666K, capacity 24090K, committed 24320K, reserved 1071104K
  class space    used 3164K, capacity 3273K, committed 3328K, reserved 1048576K
}
Event: 4.896 GC heap before
{Heap before GC invocations=9 (full 2):
 PSYoungGen      total 26624K, used 26622K [0x00000000e0000000, 0x00000000e2580000, 0x0000000100000000)
  eden space 24064K, 100% used [0x00000000e0000000,0x00000000e1780000,0x00000000e1780000)
  from space 2560K, 99% used [0x00000000e2280000,0x00000000e24ff918,0x00000000e2500000)
  to   space 7168K, 0% used [0x00000000e1780000,0x00000000e1780000,0x00000000e1e80000)
 ParOldGen       total 37376K, used 10140K [0x00000000a0000000, 0x00000000a2480000, 0x00000000e0000000)
  object space 37376K, 27% used [0x00000000a0000000,0x00000000a09e70a8,0x00000000a2480000)
 Metaspace       used 25203K, capacity 25554K, committed 25856K, reserved 1071104K
  class space    used 3365K, capacity 3477K, committed 3584K, reserved 1048576K
Event: 4.918 GC heap after
Heap after GC invocations=9 (full 2):
 PSYoungGen      total 31232K, used 7148K [0x00000000e0000000, 0x00000000e3a00000, 0x0000000100000000)
  eden space 24064K, 0% used [0x00000000e0000000,0x00000000e0000000,0x00000000e1780000)
  from space 7168K, 99% used [0x00000000e1780000,0x00000000e1e7b198,0x00000000e1e80000)
  to   space 11776K, 0% used [0x00000000e2e80000,0x00000000e2e80000,0x00000000e3a00000)
 ParOldGen       total 37376K, used 17528K [0x00000000a0000000, 0x00000000a2480000, 0x00000000e0000000)
  object space 37376K, 46% used [0x00000000a0000000,0x00000000a111e018,0x00000000a2480000)
 Metaspace       used 25203K, capacity 25554K, committed 25856K, reserved 1071104K
  class space    used 3365K, capacity 3477K, committed 3584K, reserved 1048576K
}
Event: 5.026 GC heap before
{Heap before GC invocations=10 (full 2):
 PSYoungGen      total 31232K, used 25062K [0x00000000e0000000, 0x00000000e3a00000, 0x0000000100000000)
  eden space 24064K, 74% used [0x00000000e0000000,0x00000000e117ea60,0x00000000e1780000)
  from space 7168K, 99% used [0x00000000e1780000,0x00000000e1e7b198,0x00000000e1e80000)
  to   space 11776K, 0% used [0x00000000e2e80000,0x00000000e2e80000,0x00000000e3a00000)
 ParOldGen       total 78848K, used 58555K [0x00000000a0000000, 0x00000000a4d00000, 0x00000000e0000000)
  object space 78848K, 74% used [0x00000000a0000000,0x00000000a392ee80,0x00000000a4d00000)
 Metaspace       used 25446K, capacity 25888K, committed 26112K, reserved 1071104K
  class space    used 3400K, capacity 3520K, committed 3584K, reserved 1048576K
Event: 5.041 GC heap after
Heap after GC invocations=10 (full 2):
 PSYoungGen      total 47104K, used 8929K [0x00000000e0000000, 0x00000000e3f80000, 0x0000000100000000)
  eden space 35328K, 0% used [0x00000000e0000000,0x00000000e0000000,0x00000000e2280000)
  from space 11776K, 75% used [0x00000000e2e80000,0x00000000e3738628,0x00000000e3a00000)
  to   space 12288K, 0% used [0x00000000e2280000,0x00000000e2280000,0x00000000e2e80000)
 ParOldGen       total 78848K, used 58563K [0x00000000a0000000, 0x00000000a4d00000, 0x00000000e0000000)
  object space 78848K, 74% used [0x00000000a0000000,0x00000000a3930e80,0x00000000a4d00000)
 Metaspace       used 25446K, capacity 25888K, committed 26112K, reserved 1071104K
  class space    used 3400K, capacity 3520K, committed 3584K, reserved 1048576K
}
Event: 5.867 GC heap before
{Heap before GC invocations=11 (full 2):
 PSYoungGen      total 47104K, used 44257K [0x00000000e0000000, 0x00000000e3f80000, 0x0000000100000000)
  eden space 35328K, 100% used [0x00000000e0000000,0x00000000e2280000,0x00000000e2280000)
  from space 11776K, 75% used [0x00000000e2e80000,0x00000000e3738628,0x00000000e3a00000)
  to   space 12288K, 0% used [0x00000000e2280000,0x00000000e2280000,0x00000000e2e80000)
 ParOldGen       total 161792K, used 140618K [0x00000000a0000000, 0x00000000a9e00000, 0x00000000e0000000)
  object space 161792K, 86% used [0x00000000a0000000,0x00000000a8952b50,0x00000000a9e00000)
 Metaspace       used 26461K, capacity 26918K, committed 27264K, reserved 1073152K
  class space    used 3528K, capacity 3649K, committed 3712K, reserved 1048576K
Event: 5.886 GC heap after
Heap after GC invocations=11 (full 2):
 PSYoungGen      total 47616K, used 10444K [0x00000000e0000000, 0x00000000e5280000, 0x0000000100000000)
  eden space 35328K, 0% used [0x00000000e0000000,0x00000000e0000000,0x00000000e2280000)
  from space 12288K, 84% used [0x00000000e2280000,0x00000000e2cb3108,0x00000000e2e80000)
  to   space 13312K, 0% used [0x00000000e4580000,0x00000000e4580000,0x00000000e5280000)
 ParOldGen       total 161792K, used 140626K [0x00000000a0000000, 0x00000000a9e00000, 0x00000000e0000000)
  object space 161792K, 86% used [0x00000000a0000000,0x00000000a8954b50,0x00000000a9e00000)
 Metaspace       used 26461K, capacity 26918K, committed 27264K, reserved 1073152K
  class space    used 3528K, capacity 3649K, committed 3712K, reserved 1048576K
}
Event: 9.173 GC heap before
{Heap before GC invocations=12 (full 2):
 PSYoungGen      total 47616K, used 45772K [0x00000000e0000000, 0x00000000e5280000, 0x0000000100000000)
  eden space 35328K, 100% used [0x00000000e0000000,0x00000000e2280000,0x00000000e2280000)
  from space 12288K, 84% used [0x00000000e2280000,0x00000000e2cb3108,0x00000000e2e80000)
  to   space 13312K, 0% used [0x00000000e4580000,0x00000000e4580000,0x00000000e5280000)
 ParOldGen       total 161792K, used 140626K [0x00000000a0000000, 0x00000000a9e00000, 0x00000000e0000000)
  object space 161792K, 86% used [0x00000000a0000000,0x00000000a8954b50,0x00000000a9e00000)
 Metaspace       used 29680K, capacity 30256K, committed 30464K, reserved 1075200K
  class space    used 3917K, capacity 4090K, committed 4096K, reserved 1048576K
Event: 9.199 GC heap after
Heap after GC invocations=12 (full 2):
 PSYoungGen      total 58880K, used 10348K [0x00000000e0000000, 0x00000000e5000000, 0x0000000100000000)
  eden space 48128K, 0% used [0x00000000e0000000,0x00000000e0000000,0x00000000e2f00000)
  from space 10752K, 96% used [0x00000000e4580000,0x00000000e4f9b130,0x00000000e5000000)
  to   space 13824K, 0% used [0x00000000e3500000,0x00000000e3500000,0x00000000e4280000)
 ParOldGen       total 161792K, used 147806K [0x00000000a0000000, 0x00000000a9e00000, 0x00000000e0000000)
  object space 161792K, 91% used [0x00000000a0000000,0x00000000a9057a60,0x00000000a9e00000)
 Metaspace       used 29680K, capacity 30256K, committed 30464K, reserved 1075200K
  class space    used 3917K, capacity 4090K, committed 4096K, reserved 1048576K
}

