# JRE version: Java(TM) SE Runtime Environment (8.0_77-b03) (build 1.8.0_77-b03)
# Java VM: Java HotSpot(TM) 64-Bit Server VM (25.77-b03 mixed mode windows-amd64 compressed oops)
Heap:
 PSYoungGen      total 98816K, used 74050K [0x00000000e0000000, 0x00000000e7300000, 0x0000000100000000)
  eden space 83968K, 88% used [0x00000000e0000000,0x00000000e4850948,0x00000000e5200000)
  from space 14848K, 0% used [0x00000000e5200000,0x00000000e5200000,0x00000000e6080000)
  to   space 13312K, 0% used [0x00000000e6080000,0x00000000e6080000,0x00000000e6d80000)
 ParOldGen       total 62464K, used 49951K [0x00000000a0000000, 0x00000000a3d00000, 0x00000000e0000000)
  object space 62464K, 79% used [0x00000000a0000000,0x00000000a30c7e48,0x00000000a3d00000)
 Metaspace       used 50515K, capacity 51444K, committed 51712K, reserved 1093632K
  class space    used 6361K, capacity 6584K, committed 6656K, reserved 1048576K
GC Heap History (10 events):
Event: 12.570 GC heap before
{Heap before GC invocations=20 (full 9):
 PSYoungGen      total 98816K, used 56825K [0x00000000e0000000, 0x00000000e7300000, 0x0000000100000000)
  eden space 83968K, 67% used [0x00000000e0000000,0x00000000e377e708,0x00000000e5200000)
  from space 14848K, 0% used [0x00000000e5200000,0x00000000e5200000,0x00000000e6080000)
  to   space 13312K, 0% used [0x00000000e6080000,0x00000000e6080000,0x00000000e6d80000)
 ParOldGen       total 62464K, used 55491K [0x00000000a0000000, 0x00000000a3d00000, 0x00000000e0000000)
  object space 62464K, 88% used [0x00000000a0000000,0x00000000a3630dd0,0x00000000a3d00000)
 Metaspace       used 45643K, capacity 46404K, committed 46720K, reserved 1089536K
  class space    used 5746K, capacity 5922K, committed 6016K, reserved 1048576K
Event: 12.685 GC heap after
Heap after GC invocations=20 (full 9):
 PSYoungGen      total 98816K, used 0K [0x00000000e0000000, 0x00000000e7300000, 0x0000000100000000)
  eden space 83968K, 0% used [0x00000000e0000000,0x00000000e0000000,0x00000000e5200000)
  from space 14848K, 0% used [0x00000000e5200000,0x00000000e5200000,0x00000000e6080000)
  to   space 13312K, 0% used [0x00000000e6080000,0x00000000e6080000,0x00000000e6d80000)
 ParOldGen       total 62464K, used 55138K [0x00000000a0000000, 0x00000000a3d00000, 0x00000000e0000000)
  object space 62464K, 88% used [0x00000000a0000000,0x00000000a35d8998,0x00000000a3d00000)
 Metaspace       used 45643K, capacity 46404K, committed 46720K, reserved 1089536K
  class space    used 5746K, capacity 5922K, committed 6016K, reserved 1048576K
}
Event: 12.692 GC heap before
{Heap before GC invocations=21 (full 10):
 PSYoungGen      total 98816K, used 56783K [0x00000000e0000000, 0x00000000e7300000, 0x0000000100000000)
  eden space 83968K, 67% used [0x00000000e0000000,0x00000000e3773f80,0x00000000e5200000)
  from space 14848K, 0% used [0x00000000e5200000,0x00000000e5200000,0x00000000e6080000)
  to   space 13312K, 0% used [0x00000000e6080000,0x00000000e6080000,0x00000000e6d80000)
 ParOldGen       total 62464K, used 55138K [0x00000000a0000000, 0x00000000a3d00000, 0x00000000e0000000)
  object space 62464K, 88% used [0x00000000a0000000,0x00000000a35d8998,0x00000000a3d00000)
 Metaspace       used 45648K, capacity 46410K, committed 46720K, reserved 1089536K
  class space    used 5748K, capacity 5923K, committed 6016K, reserved 1048576K
Event: 12.823 GC heap after
Heap after GC invocations=21 (full 10):
 PSYoungGen      total 98816K, used 0K [0x00000000e0000000, 0x00000000e7300000, 0x0000000100000000)
  eden space 83968K, 0% used [0x00000000e0000000,0x00000000e0000000,0x00000000e5200000)
  from space 14848K, 0% used [0x00000000e5200000,0x00000000e5200000,0x00000000e6080000)
  to   space 13312K, 0% used [0x00000000e6080000,0x00000000e6080000,0x00000000e6d80000)
 ParOldGen       total 62464K, used 54905K [0x00000000a0000000, 0x00000000a3d00000, 0x00000000e0000000)
  object space 62464K, 87% used [0x00000000a0000000,0x00000000a359e5e0,0x00000000a3d00000)
 Metaspace       used 45648K, capacity 46410K, committed 46720K, reserved 1089536K
  class space    used 5748K, capacity 5923K, committed 6016K, reserved 1048576K
}
Event: 13.055 GC heap before
{Heap before GC invocations=22 (full 11):
 PSYoungGen      total 98816K, used 63396K [0x00000000e0000000, 0x00000000e7300000, 0x0000000100000000)
  eden space 83968K, 75% used [0x00000000e0000000,0x00000000e3de9180,0x00000000e5200000)
  from space 14848K, 0% used [0x00000000e5200000,0x00000000e5200000,0x00000000e6080000)
  to   space 13312K, 0% used [0x00000000e6080000,0x00000000e6080000,0x00000000e6d80000)
 ParOldGen       total 62464K, used 54905K [0x00000000a0000000, 0x00000000a3d00000, 0x00000000e0000000)
  object space 62464K, 87% used [0x00000000a0000000,0x00000000a359e5e0,0x00000000a3d00000)
 Metaspace       used 45977K, capacity 46734K, committed 46976K, reserved 1089536K
  class space    used 5784K, capacity 5963K, committed 6016K, reserved 1048576K
Event: 13.172 GC heap after
Heap after GC invocations=22 (full 11):
 PSYoungGen      total 98816K, used 0K [0x00000000e0000000, 0x00000000e7300000, 0x0000000100000000)
  eden space 83968K, 0% used [0x00000000e0000000,0x00000000e0000000,0x00000000e5200000)
  from space 14848K, 0% used [0x00000000e5200000,0x00000000e5200000,0x00000000e6080000)
  to   space 13312K, 0% used [0x00000000e6080000,0x00000000e6080000,0x00000000e6d80000)
 ParOldGen       total 62464K, used 56171K [0x00000000a0000000, 0x00000000a3d00000, 0x00000000e0000000)
  object space 62464K, 89% used [0x00000000a0000000,0x00000000a36dae08,0x00000000a3d00000)
 Metaspace       used 45977K, capacity 46734K, committed 46976K, reserved 1089536K
  class space    used 5784K, capacity 5963K, committed 6016K, reserved 1048576K
}
Event: 13.200 GC heap before
{Heap before GC invocations=23 (full 12):
 PSYoungGen      total 98816K, used 56831K [0x00000000e0000000, 0x00000000e7300000, 0x0000000100000000)
  eden space 83968K, 67% used [0x00000000e0000000,0x00000000e377fd58,0x00000000e5200000)
  from space 14848K, 0% used [0x00000000e5200000,0x00000000e5200000,0x00000000e6080000)
  to   space 13312K, 0% used [0x00000000e6080000,0x00000000e6080000,0x00000000e6d80000)
 ParOldGen       total 62464K, used 56171K [0x00000000a0000000, 0x00000000a3d00000, 0x00000000e0000000)
  object space 62464K, 89% used [0x00000000a0000000,0x00000000a36dae08,0x00000000a3d00000)
 Metaspace       used 46109K, capacity 46880K, committed 47232K, reserved 1091584K
  class space    used 5802K, capacity 5968K, committed 6016K, reserved 1048576K
Event: 13.374 GC heap after
Heap after GC invocations=23 (full 12):
 PSYoungGen      total 98816K, used 0K [0x00000000e0000000, 0x00000000e7300000, 0x0000000100000000)
  eden space 83968K, 0% used [0x00000000e0000000,0x00000000e0000000,0x00000000e5200000)
  from space 14848K, 0% used [0x00000000e5200000,0x00000000e5200000,0x00000000e6080000)
  to   space 13312K, 0% used [0x00000000e6080000,0x00000000e6080000,0x00000000e6d80000)
 ParOldGen       total 62464K, used 56105K [0x00000000a0000000, 0x00000000a3d00000, 0x00000000e0000000)
  object space 62464K, 89% used [0x00000000a0000000,0x00000000a36ca490,0x00000000a3d00000)
 Metaspace       used 46109K, capacity 46880K, committed 47232K, reserved 1091584K
  class space    used 5802K, capacity 5968K, committed 6016K, reserved 1048576K
}
Event: 14.339 GC heap before
{Heap before GC invocations=24 (full 13):
 PSYoungGen      total 98816K, used 83968K [0x00000000e0000000, 0x00000000e7300000, 0x0000000100000000)
  eden space 83968K, 100% used [0x00000000e0000000,0x00000000e5200000,0x00000000e5200000)
  from space 14848K, 0% used [0x00000000e5200000,0x00000000e5200000,0x00000000e6080000)
  to   space 13312K, 0% used [0x00000000e6080000,0x00000000e6080000,0x00000000e6d80000)
 ParOldGen       total 62464K, used 56105K [0x00000000a0000000, 0x00000000a3d00000, 0x00000000e0000000)
  object space 62464K, 89% used [0x00000000a0000000,0x00000000a36ca490,0x00000000a3d00000)
 Metaspace       used 48625K, capacity 49522K, committed 49792K, reserved 1093632K
  class space    used 6188K, capacity 6405K, committed 6528K, reserved 1048576K
Event: 14.514 GC heap after
Heap after GC invocations=24 (full 13):
 PSYoungGen      total 98816K, used 0K [0x00000000e0000000, 0x00000000e7300000, 0x0000000100000000)
  eden space 83968K, 0% used [0x00000000e0000000,0x00000000e0000000,0x00000000e5200000)
  from space 14848K, 0% used [0x00000000e5200000,0x00000000e5200000,0x00000000e6080000)
  to   space 13312K, 0% used [0x00000000e6080000,0x00000000e6080000,0x00000000e6d80000)
 ParOldGen       total 62464K, used 49951K [0x00000000a0000000, 0x00000000a3d00000, 0x00000000e0000000)
  object space 62464K, 79% used [0x00000000a0000000,0x00000000a30c7e48,0x00000000a3d00000)
 Metaspace       used 48625K, capacity 49522K, committed 49792K, reserved 1093632K
  class space    used 6188K, capacity 6405K, committed 6528K, reserved 1048576K
}

