# JRE version: Java(TM) SE Runtime Environment (8.0_77-b03) (build 1.8.0_77-b03)
# Java VM: Java HotSpot(TM) 64-Bit Server VM (25.77-b03 mixed mode windows-amd64 compressed oops)
Heap:
 PSYoungGen      total 348160K, used 149529K [0x00000000e0000000, 0x00000000f8800000, 0x0000000100000000)
  eden space 300032K, 49% used [0x00000000e0000000,0x00000000e9206700,0x00000000f2500000)
  from space 48128K, 0% used [0x00000000f5900000,0x00000000f5900000,0x00000000f8800000)
  to   space 50688K, 0% used [0x00000000f2500000,0x00000000f2500000,0x00000000f5680000)
 ParOldGen       total 256000K, used 65101K [0x00000000a0000000, 0x00000000afa00000, 0x00000000e0000000)
  object space 256000K, 25% used [0x00000000a0000000,0x00000000a3f93710,0x00000000afa00000)
 Metaspace       used 102808K, capacity 109156K, committed 112432K, reserved 1146880K
  class space    used 13273K, capacity 14678K, committed 15408K, reserved 1048576K
GC Heap History (10 events):
Event: 6109.685 GC heap before
{Heap before GC invocations=61 (full 6):
 PSYoungGen      total 298496K, used 255680K [0x00000000e0000000, 0x00000000f6200000, 0x0000000100000000)
  eden space 243200K, 100% used [0x00000000e0000000,0x00000000eed80000,0x00000000eed80000)
  from space 55296K, 22% used [0x00000000f2100000,0x00000000f2d30040,0x00000000f5700000)
  to   space 52736K, 0% used [0x00000000eed80000,0x00000000eed80000,0x00000000f2100000)
 ParOldGen       total 256000K, used 68220K [0x00000000a0000000, 0x00000000afa00000, 0x00000000e0000000)
  object space 256000K, 26% used [0x00000000a0000000,0x00000000a429f218,0x00000000afa00000)
 Metaspace       used 103904K, capacity 111136K, committed 111664K, reserved 1144832K
  class space    used 13617K, capacity 15245K, committed 15408K, reserved 1048576K
Event: 6110.699 GC heap after
Heap after GC invocations=61 (full 6):
 PSYoungGen      total 295936K, used 28278K [0x00000000e0000000, 0x00000000f6480000, 0x0000000100000000)
  eden space 243200K, 0% used [0x00000000e0000000,0x00000000e0000000,0x00000000eed80000)
  from space 52736K, 53% used [0x00000000eed80000,0x00000000f091da50,0x00000000f2100000)
  to   space 53248K, 0% used [0x00000000f3080000,0x00000000f3080000,0x00000000f6480000)
 ParOldGen       total 256000K, used 68228K [0x00000000a0000000, 0x00000000afa00000, 0x00000000e0000000)
  object space 256000K, 26% used [0x00000000a0000000,0x00000000a42a1218,0x00000000afa00000)
 Metaspace       used 103904K, capacity 111136K, committed 111664K, reserved 1144832K
  class space    used 13617K, capacity 15245K, committed 15408K, reserved 1048576K
}
Event: 6122.263 GC heap before
{Heap before GC invocations=62 (full 6):
 PSYoungGen      total 295936K, used 271036K [0x00000000e0000000, 0x00000000f6480000, 0x0000000100000000)
  eden space 243200K, 99% used [0x00000000e0000000,0x00000000eed11848,0x00000000eed80000)
  from space 52736K, 53% used [0x00000000eed80000,0x00000000f091da50,0x00000000f2100000)
  to   space 53248K, 0% used [0x00000000f3080000,0x00000000f3080000,0x00000000f6480000)
 ParOldGen       total 256000K, used 68228K [0x00000000a0000000, 0x00000000afa00000, 0x00000000e0000000)
  object space 256000K, 26% used [0x00000000a0000000,0x00000000a42a1218,0x00000000afa00000)
 Metaspace       used 104566K, capacity 111936K, committed 112176K, reserved 1146880K
  class space    used 13667K, capacity 15299K, committed 15408K, reserved 1048576K
Event: 6122.509 GC heap after
Heap after GC invocations=62 (full 6):
 PSYoungGen      total 311296K, used 30460K [0x00000000e0000000, 0x00000000f6600000, 0x0000000100000000)
  eden space 258048K, 0% used [0x00000000e0000000,0x00000000e0000000,0x00000000efc00000)
  from space 53248K, 57% used [0x00000000f3080000,0x00000000f4e3f180,0x00000000f6480000)
  to   space 53760K, 0% used [0x00000000efc00000,0x00000000efc00000,0x00000000f3080000)
 ParOldGen       total 256000K, used 68236K [0x00000000a0000000, 0x00000000afa00000, 0x00000000e0000000)
  object space 256000K, 26% used [0x00000000a0000000,0x00000000a42a3218,0x00000000afa00000)
 Metaspace       used 104566K, capacity 111936K, committed 112176K, reserved 1146880K
  class space    used 13667K, capacity 15299K, committed 15408K, reserved 1048576K
}
Event: 6122.637 GC heap before
{Heap before GC invocations=63 (full 6):
 PSYoungGen      total 311296K, used 288123K [0x00000000e0000000, 0x00000000f6600000, 0x0000000100000000)
  eden space 258048K, 99% used [0x00000000e0000000,0x00000000efb9fdf0,0x00000000efc00000)
  from space 53248K, 57% used [0x00000000f3080000,0x00000000f4e3f180,0x00000000f6480000)
  to   space 53760K, 0% used [0x00000000efc00000,0x00000000efc00000,0x00000000f3080000)
 ParOldGen       total 256000K, used 68236K [0x00000000a0000000, 0x00000000afa00000, 0x00000000e0000000)
  object space 256000K, 26% used [0x00000000a0000000,0x00000000a42a3218,0x00000000afa00000)
 Metaspace       used 104570K, capacity 111936K, committed 112176K, reserved 1146880K
  class space    used 13667K, capacity 15299K, committed 15408K, reserved 1048576K
Event: 6122.748 GC heap after
Heap after GC invocations=63 (full 6):
 PSYoungGen      total 311808K, used 28716K [0x00000000e0000000, 0x00000000f8d00000, 0x0000000100000000)
  eden space 258048K, 0% used [0x00000000e0000000,0x00000000e0000000,0x00000000efc00000)
  from space 53760K, 53% used [0x00000000efc00000,0x00000000f180b278,0x00000000f3080000)
  to   space 53248K, 0% used [0x00000000f5900000,0x00000000f5900000,0x00000000f8d00000)
 ParOldGen       total 256000K, used 68244K [0x00000000a0000000, 0x00000000afa00000, 0x00000000e0000000)
  object space 256000K, 26% used [0x00000000a0000000,0x00000000a42a5218,0x00000000afa00000)
 Metaspace       used 104570K, capacity 111936K, committed 112176K, reserved 1146880K
  class space    used 13667K, capacity 15299K, committed 15408K, reserved 1048576K
}
Event: 8928.482 GC heap before
{Heap before GC invocations=64 (full 6):
 PSYoungGen      total 311808K, used 164953K [0x00000000e0000000, 0x00000000f8d00000, 0x0000000100000000)
  eden space 258048K, 52% used [0x00000000e0000000,0x00000000e850b4b8,0x00000000efc00000)
  from space 53760K, 53% used [0x00000000efc00000,0x00000000f180b278,0x00000000f3080000)
  to   space 53248K, 0% used [0x00000000f5900000,0x00000000f5900000,0x00000000f8d00000)
 ParOldGen       total 256000K, used 68244K [0x00000000a0000000, 0x00000000afa00000, 0x00000000e0000000)
  object space 256000K, 26% used [0x00000000a0000000,0x00000000a42a5218,0x00000000afa00000)
 Metaspace       used 104688K, capacity 112106K, committed 112432K, reserved 1146880K
  class space    used 13684K, capacity 15328K, committed 15408K, reserved 1048576K
Event: 8928.872 GC heap after
Heap after GC invocations=64 (full 6):
 PSYoungGen      total 348160K, used 17808K [0x00000000e0000000, 0x00000000f8800000, 0x0000000100000000)
  eden space 300032K, 0% used [0x00000000e0000000,0x00000000e0000000,0x00000000f2500000)
  from space 48128K, 37% used [0x00000000f5900000,0x00000000f6a64020,0x00000000f8800000)
  to   space 50688K, 0% used [0x00000000f2500000,0x00000000f2500000,0x00000000f5680000)
 ParOldGen       total 256000K, used 68252K [0x00000000a0000000, 0x00000000afa00000, 0x00000000e0000000)
  object space 256000K, 26% used [0x00000000a0000000,0x00000000a42a7218,0x00000000afa00000)
 Metaspace       used 104688K, capacity 112106K, committed 112432K, reserved 1146880K
  class space    used 13684K, capacity 15328K, committed 15408K, reserved 1048576K
}
Event: 8928.872 GC heap before
{Heap before GC invocations=65 (full 7):
 PSYoungGen      total 348160K, used 17808K [0x00000000e0000000, 0x00000000f8800000, 0x0000000100000000)
  eden space 300032K, 0% used [0x00000000e0000000,0x00000000e0000000,0x00000000f2500000)
  from space 48128K, 37% used [0x00000000f5900000,0x00000000f6a64020,0x00000000f8800000)
  to   space 50688K, 0% used [0x00000000f2500000,0x00000000f2500000,0x00000000f5680000)
 ParOldGen       total 256000K, used 68252K [0x00000000a0000000, 0x00000000afa00000, 0x00000000e0000000)
  object space 256000K, 26% used [0x00000000a0000000,0x00000000a42a7218,0x00000000afa00000)
 Metaspace       used 104688K, capacity 112106K, committed 112432K, reserved 1146880K
  class space    used 13684K, capacity 15328K, committed 15408K, reserved 1048576K
Event: 8933.659 GC heap after
Heap after GC invocations=65 (full 7):
 PSYoungGen      total 348160K, used 0K [0x00000000e0000000, 0x00000000f8800000, 0x0000000100000000)
  eden space 300032K, 0% used [0x00000000e0000000,0x00000000e0000000,0x00000000f2500000)
  from space 48128K, 0% used [0x00000000f5900000,0x00000000f5900000,0x00000000f8800000)
  to   space 50688K, 0% used [0x00000000f2500000,0x00000000f2500000,0x00000000f5680000)
 ParOldGen       total 256000K, used 65101K [0x00000000a0000000, 0x00000000afa00000, 0x00000000e0000000)
  object space 256000K, 25% used [0x00000000a0000000,0x00000000a3f93710,0x00000000afa00000)
 Metaspace       used 102293K, capacity 108366K, committed 112432K, reserved 1146880K
  class space    used 13184K, capacity 14511K, committed 15408K, reserved 1048576K
}

