# JRE version: Java(TM) SE Runtime Environment (8.0_77-b03) (build 1.8.0_77-b03)
# Java VM: Java HotSpot(TM) 64-Bit Server VM (25.77-b03 mixed mode windows-amd64 compressed oops)
Heap:
 PSYoungGen      total 69120K, used 28076K [0x00000000e0000000, 0x00000000e5a00000, 0x0000000100000000)
  eden space 54784K, 51% used [0x00000000e0000000,0x00000000e1b6b100,0x00000000e3580000)
  from space 14336K, 0% used [0x00000000e3580000,0x00000000e3580000,0x00000000e4380000)
  to   space 17920K, 0% used [0x00000000e4880000,0x00000000e4880000,0x00000000e5a00000)
 ParOldGen       total 60416K, used 52670K [0x00000000a0000000, 0x00000000a3b00000, 0x00000000e0000000)
  object space 60416K, 87% used [0x00000000a0000000,0x00000000a336fa50,0x00000000a3b00000)
 Metaspace       used 50307K, capacity 51246K, committed 51712K, reserved 1093632K
  class space    used 6343K, capacity 6545K, committed 6656K, reserved 1048576K
GC Heap History (10 events):
Event: 21.223 GC heap before
{Heap before GC invocations=35 (full 16):
 PSYoungGen      total 69120K, used 10704K [0x00000000e0000000, 0x00000000e5a00000, 0x0000000100000000)
  eden space 54784K, 0% used [0x00000000e0000000,0x00000000e0000000,0x00000000e3580000)
  from space 14336K, 74% used [0x00000000e3580000,0x00000000e3ff43a8,0x00000000e4380000)
  to   space 17920K, 0% used [0x00000000e4880000,0x00000000e4880000,0x00000000e5a00000)
 ParOldGen       total 60416K, used 45360K [0x00000000a0000000, 0x00000000a3b00000, 0x00000000e0000000)
  object space 60416K, 75% used [0x00000000a0000000,0x00000000a2c4c080,0x00000000a3b00000)
 Metaspace       used 45939K, capacity 46712K, committed 46976K, reserved 1089536K
  class space    used 5779K, capacity 5960K, committed 6016K, reserved 1048576K
Event: 21.401 GC heap after
Heap after GC invocations=35 (full 16):
 PSYoungGen      total 69120K, used 0K [0x00000000e0000000, 0x00000000e5a00000, 0x0000000100000000)
  eden space 54784K, 0% used [0x00000000e0000000,0x00000000e0000000,0x00000000e3580000)
  from space 14336K, 0% used [0x00000000e3580000,0x00000000e3580000,0x00000000e4380000)
  to   space 17920K, 0% used [0x00000000e4880000,0x00000000e4880000,0x00000000e5a00000)
 ParOldGen       total 60416K, used 55831K [0x00000000a0000000, 0x00000000a3b00000, 0x00000000e0000000)
  object space 60416K, 92% used [0x00000000a0000000,0x00000000a3685ca0,0x00000000a3b00000)
 Metaspace       used 45939K, capacity 46712K, committed 46976K, reserved 1089536K
  class space    used 5779K, capacity 5960K, committed 6016K, reserved 1048576K
}
Event: 21.430 GC heap before
{Heap before GC invocations=36 (full 17):
 PSYoungGen      total 69120K, used 46189K [0x00000000e0000000, 0x00000000e5a00000, 0x0000000100000000)
  eden space 54784K, 84% used [0x00000000e0000000,0x00000000e2d1b448,0x00000000e3580000)
  from space 14336K, 0% used [0x00000000e3580000,0x00000000e3580000,0x00000000e4380000)
  to   space 17920K, 0% used [0x00000000e4880000,0x00000000e4880000,0x00000000e5a00000)
 ParOldGen       total 60416K, used 55831K [0x00000000a0000000, 0x00000000a3b00000, 0x00000000e0000000)
  object space 60416K, 92% used [0x00000000a0000000,0x00000000a3685ca0,0x00000000a3b00000)
 Metaspace       used 46072K, capacity 46858K, committed 47232K, reserved 1091584K
  class space    used 5798K, capacity 5965K, committed 6016K, reserved 1048576K
Event: 21.619 GC heap after
Heap after GC invocations=36 (full 17):
 PSYoungGen      total 69120K, used 0K [0x00000000e0000000, 0x00000000e5a00000, 0x0000000100000000)
  eden space 54784K, 0% used [0x00000000e0000000,0x00000000e0000000,0x00000000e3580000)
  from space 14336K, 0% used [0x00000000e3580000,0x00000000e3580000,0x00000000e4380000)
  to   space 17920K, 0% used [0x00000000e4880000,0x00000000e4880000,0x00000000e5a00000)
 ParOldGen       total 60416K, used 45649K [0x00000000a0000000, 0x00000000a3b00000, 0x00000000e0000000)
  object space 60416K, 75% used [0x00000000a0000000,0x00000000a2c94698,0x00000000a3b00000)
 Metaspace       used 46072K, capacity 46858K, committed 47232K, reserved 1091584K
  class space    used 5798K, capacity 5965K, committed 6016K, reserved 1048576K
}
Event: 21.625 GC heap before
{Heap before GC invocations=37 (full 18):
 PSYoungGen      total 69120K, used 51934K [0x00000000e0000000, 0x00000000e5a00000, 0x0000000100000000)
  eden space 54784K, 94% used [0x00000000e0000000,0x00000000e32b7b20,0x00000000e3580000)
  from space 14336K, 0% used [0x00000000e3580000,0x00000000e3580000,0x00000000e4380000)
  to   space 17920K, 0% used [0x00000000e4880000,0x00000000e4880000,0x00000000e5a00000)
 ParOldGen       total 60416K, used 45649K [0x00000000a0000000, 0x00000000a3b00000, 0x00000000e0000000)
  object space 60416K, 75% used [0x00000000a0000000,0x00000000a2c94698,0x00000000a3b00000)
 Metaspace       used 46072K, capacity 46858K, committed 47232K, reserved 1091584K
  class space    used 5798K, capacity 5965K, committed 6016K, reserved 1048576K
Event: 22.103 GC heap after
Heap after GC invocations=37 (full 18):
 PSYoungGen      total 69120K, used 41027K [0x00000000e0000000, 0x00000000e5a00000, 0x0000000100000000)
  eden space 54784K, 74% used [0x00000000e0000000,0x00000000e2810e88,0x00000000e3580000)
  from space 14336K, 0% used [0x00000000e3580000,0x00000000e3580000,0x00000000e4380000)
  to   space 17920K, 0% used [0x00000000e4880000,0x00000000e4880000,0x00000000e5a00000)
 ParOldGen       total 60416K, used 55766K [0x00000000a0000000, 0x00000000a3b00000, 0x00000000e0000000)
  object space 60416K, 92% used [0x00000000a0000000,0x00000000a3675940,0x00000000a3b00000)
 Metaspace       used 46072K, capacity 46858K, committed 47232K, reserved 1091584K
  class space    used 5798K, capacity 5965K, committed 6016K, reserved 1048576K
}
Event: 22.499 GC heap before
{Heap before GC invocations=38 (full 19):
 PSYoungGen      total 69120K, used 54784K [0x00000000e0000000, 0x00000000e5a00000, 0x0000000100000000)
  eden space 54784K, 100% used [0x00000000e0000000,0x00000000e3580000,0x00000000e3580000)
  from space 14336K, 0% used [0x00000000e3580000,0x00000000e3580000,0x00000000e4380000)
  to   space 17920K, 0% used [0x00000000e4880000,0x00000000e4880000,0x00000000e5a00000)
 ParOldGen       total 60416K, used 55766K [0x00000000a0000000, 0x00000000a3b00000, 0x00000000e0000000)
  object space 60416K, 92% used [0x00000000a0000000,0x00000000a3675940,0x00000000a3b00000)
 Metaspace       used 46704K, capacity 47558K, committed 47872K, reserved 1091584K
  class space    used 5889K, capacity 6107K, committed 6144K, reserved 1048576K
Event: 22.700 GC heap after
Heap after GC invocations=38 (full 19):
 PSYoungGen      total 69120K, used 0K [0x00000000e0000000, 0x00000000e5a00000, 0x0000000100000000)
  eden space 54784K, 0% used [0x00000000e0000000,0x00000000e0000000,0x00000000e3580000)
  from space 14336K, 0% used [0x00000000e3580000,0x00000000e3580000,0x00000000e4380000)
  to   space 17920K, 0% used [0x00000000e4880000,0x00000000e4880000,0x00000000e5a00000)
 ParOldGen       total 60416K, used 46591K [0x00000000a0000000, 0x00000000a3b00000, 0x00000000e0000000)
  object space 60416K, 77% used [0x00000000a0000000,0x00000000a2d7fca0,0x00000000a3b00000)
 Metaspace       used 46704K, capacity 47558K, committed 47872K, reserved 1091584K
  class space    used 5889K, capacity 6107K, committed 6144K, reserved 1048576K
}
Event: 24.364 GC heap before
{Heap before GC invocations=39 (full 20):
 PSYoungGen      total 69120K, used 54784K [0x00000000e0000000, 0x00000000e5a00000, 0x0000000100000000)
  eden space 54784K, 100% used [0x00000000e0000000,0x00000000e3580000,0x00000000e3580000)
  from space 14336K, 0% used [0x00000000e3580000,0x00000000e3580000,0x00000000e4380000)
  to   space 17920K, 0% used [0x00000000e4880000,0x00000000e4880000,0x00000000e5a00000)
 ParOldGen       total 60416K, used 46591K [0x00000000a0000000, 0x00000000a3b00000, 0x00000000e0000000)
  object space 60416K, 77% used [0x00000000a0000000,0x00000000a2d7fca0,0x00000000a3b00000)
 Metaspace       used 49154K, capacity 50086K, committed 50560K, reserved 1093632K
  class space    used 6228K, capacity 6441K, committed 6528K, reserved 1048576K
Event: 24.906 GC heap after
Heap after GC invocations=39 (full 20):
 PSYoungGen      total 69120K, used 0K [0x00000000e0000000, 0x00000000e5a00000, 0x0000000100000000)
  eden space 54784K, 0% used [0x00000000e0000000,0x00000000e0000000,0x00000000e3580000)
  from space 14336K, 0% used [0x00000000e3580000,0x00000000e3580000,0x00000000e4380000)
  to   space 17920K, 0% used [0x00000000e4880000,0x00000000e4880000,0x00000000e5a00000)
 ParOldGen       total 60416K, used 52670K [0x00000000a0000000, 0x00000000a3b00000, 0x00000000e0000000)
  object space 60416K, 87% used [0x00000000a0000000,0x00000000a336fa50,0x00000000a3b00000)
 Metaspace       used 49154K, capacity 50086K, committed 50560K, reserved 1093632K
  class space    used 6228K, capacity 6441K, committed 6528K, reserved 1048576K
}

